2021-02-12 10:06:50.431 - INFO - 9081 - azureml.train.automl.automlconfig._start_execution:208 - Submitting remote.
2021-02-12 11:05:34.720 - INFO - 9081 - azureml.train.automl.run._log_activity:54 - ActivityStarted: GetOutput
2021-02-12 11:05:34.768 - INFO - 9081 - azureml.train.automl.run._log_activity:54 - ActivityStarted: GetOutput
2021-02-12 11:05:34.786 - INFO - 9081 - azureml.train.automl.run._log_activity:54 - ActivityStarted: GetChildren
2021-02-12 11:05:34.894 - INFO - 9081 - azureml.train.automl.run._log_activity:92 - ActivityCompleted: Activity=GetChildren, HowEnded=Success, Duration=107.3[ms]
2021-02-12 11:05:34.894 - INFO - 9081 - azureml.train.automl.run._log_activity:92 - ActivityCompleted: Activity=GetOutput, HowEnded=Success, Duration=126.11[ms]
2021-02-12 11:05:34.975 - INFO - 9081 - azureml.train.automl._model_download_utilities._log_activity:54 - ActivityStarted: DownloadModel
2021-02-12 11:05:46.878 - INFO - 9081 - azureml.automl.runtime.distributed.utilities.horovod_initialized:58 - Horovod not found in current environment. Distribution via Horovod will be disabled.
2021-02-12 11:05:51.264 - INFO - 9081 - azureml.automl.runtime.featurization.data_transformer.__init__:184 - Feature sweeping enabled: False
2021-02-12 11:05:51.264 - INFO - 9081 - azureml.automl.runtime.featurization.data_transformer.__init__:185 - Feature sweeping timeout: 86400
2021-02-12 11:05:52.029 - INFO - 9081 - azureml.train.automl._model_download_utilities._log_activity:92 - ActivityCompleted: Activity=DownloadModel, HowEnded=Success, Duration=17053.95[ms]
2021-02-12 11:05:52.029 - INFO - 9081 - azureml.train.automl.run._log_activity:92 - ActivityCompleted: Activity=GetOutput, HowEnded=Success, Duration=17309.46[ms]
2021-02-12 11:05:52.280 - INFO - 9081 - azureml.train.automl.run._log_activity:54 - ActivityStarted: GetOutput
2021-02-12 11:05:52.297 - INFO - 9081 - azureml.train.automl.run._log_activity:54 - ActivityStarted: GetOutput
2021-02-12 11:05:52.310 - INFO - 9081 - azureml.train.automl.run._log_activity:54 - ActivityStarted: GetChildren
2021-02-12 11:05:52.422 - INFO - 9081 - azureml.train.automl.run._log_activity:92 - ActivityCompleted: Activity=GetChildren, HowEnded=Success, Duration=111.61[ms]
2021-02-12 11:05:52.422 - INFO - 9081 - azureml.train.automl.run._log_activity:92 - ActivityCompleted: Activity=GetOutput, HowEnded=Success, Duration=125.48[ms]
2021-02-12 11:05:52.433 - INFO - 9081 - azureml.train.automl._model_download_utilities._log_activity:54 - ActivityStarted: DownloadModel
2021-02-12 11:05:53.105 - INFO - 9081 - azureml.automl.runtime.featurization.data_transformer.__init__:184 - Feature sweeping enabled: False
2021-02-12 11:05:53.110 - INFO - 9081 - azureml.automl.runtime.featurization.data_transformer.__init__:185 - Feature sweeping timeout: 86400
2021-02-12 11:05:54.327 - INFO - 9081 - azureml.train.automl._model_download_utilities._log_activity:92 - ActivityCompleted: Activity=DownloadModel, HowEnded=Success, Duration=1894.54[ms]
2021-02-12 11:05:54.327 - INFO - 9081 - azureml.train.automl.run._log_activity:92 - ActivityCompleted: Activity=GetOutput, HowEnded=Success, Duration=2047.3[ms]
2021-02-12 11:06:41.468 - INFO - 9081 - azureml.train.automl.run._log_activity:54 - ActivityStarted: GetOutput
2021-02-12 11:06:41.503 - INFO - 9081 - azureml.train.automl.run._log_activity:54 - ActivityStarted: GetOutput
2021-02-12 11:06:41.538 - INFO - 9081 - azureml.train.automl.run._log_activity:54 - ActivityStarted: GetChildren
2021-02-12 11:10:40.375 - INFO - 9081 - azureml.train.automl.run._log_activity:92 - ActivityCompleted: Activity=GetChildren, HowEnded=Success, Duration=238836.46[ms]
2021-02-12 11:10:40.451 - INFO - 9081 - azureml.train.automl.run._log_activity:92 - ActivityCompleted: Activity=GetOutput, HowEnded=Success, Duration=238948.0[ms]
2021-02-12 11:10:40.451 - INFO - 9081 - azureml.train.automl.run._log_activity:92 - ActivityCompleted: Activity=GetOutput, HowEnded=Success, Duration=238983.3[ms]
2021-02-12 11:27:24.534 - INFO - 9081 - azureml.train.automl.run._log_activity:54 - ActivityStarted: GetOutput
2021-02-12 11:27:24.568 - INFO - 9081 - azureml.train.automl.run._log_activity:54 - ActivityStarted: GetOutput
2021-02-12 11:27:24.587 - INFO - 9081 - azureml.train.automl.run._log_activity:54 - ActivityStarted: GetChildren
2021-02-12 11:32:36.499 - INFO - 9081 - azureml.train.automl.run._log_activity:92 - ActivityCompleted: Activity=GetChildren, HowEnded=Success, Duration=311911.88[ms]
2021-02-12 11:32:36.500 - INFO - 9081 - azureml.train.automl.run._log_activity:92 - ActivityCompleted: Activity=GetOutput, HowEnded=Success, Duration=311932.15[ms]
2021-02-12 11:32:36.500 - INFO - 9081 - azureml.train.automl.run._log_activity:92 - ActivityCompleted: Activity=GetOutput, HowEnded=Success, Duration=311966.17[ms]
2021-02-12 11:32:55.583 - INFO - 9081 - azureml.train.automl.run._log_activity:54 - ActivityStarted: GetOutput
2021-02-12 11:32:55.596 - INFO - 9081 - azureml.train.automl.run._log_activity:54 - ActivityStarted: GetOutput
2021-02-12 11:32:55.608 - INFO - 9081 - azureml.train.automl.run._log_activity:54 - ActivityStarted: GetChildren
2021-02-12 11:42:06.725 - INFO - 9081 - azureml.train.automl.run._log_activity:92 - ActivityCompleted: Activity=GetChildren, HowEnded=Success, Duration=551117.79[ms]
2021-02-12 11:42:06.854 - INFO - 9081 - azureml.train.automl.run._log_activity:92 - ActivityCompleted: Activity=GetOutput, HowEnded=Success, Duration=551257.78[ms]
2021-02-12 11:42:07.474 - INFO - 9081 - azureml.train.automl.run._log_activity:92 - ActivityCompleted: Activity=GetOutput, HowEnded=Success, Duration=551891.28[ms]
